<?xml version="1.0" encoding="UTF-8"?>
<!-- Generated by org.testng.reporters.JUnitReportReporter -->
<testsuite hostname="INMU1L2408" failures="0" tests="1" name="com.automation.testcases.LoginTestCaseOne" time="15.608" errors="0" timestamp="12 May 2021 11:56:40 GMT" skipped="0">
  <testcase classname="com.automation.testcases.LoginTestCaseOne" name="loginApp" time="15.608"/>
</testsuite> <!-- com.automation.testcases.LoginTestCaseOne -->
