<?xml version="1.0" encoding="UTF-8"?>
<!-- Generated by org.testng.reporters.JUnitReportReporter -->
<testsuite skipped="0" hostname="INMU1L2408" name="com.automation.testcases.LoginTestCaseOne" tests="1" failures="0" timestamp="16 May 2021 05:32:10 GMT" time="0.930" errors="0">
  <testcase name="loginApp" time="0.930" classname="com.automation.testcases.LoginTestCaseOne"/>
</testsuite> <!-- com.automation.testcases.LoginTestCaseOne -->
